Collecting diffq==0.2.3
  Downloading diffq-0.2.3.tar.gz (46 kB)
  Installing build dependencies: started
  Installing build dependencies: finished with status 'done'
  Getting requirements to build wheel: started
  Getting requirements to build wheel: finished with status 'done'
  Preparing metadata (pyproject.toml): started
  Preparing metadata (pyproject.toml): finished with status 'done'
Collecting einops
  Using cached einops-0.8.2-py3-none-any.whl.metadata (13 kB)
Collecting julius
  Using cached julius-0.2.7-py3-none-any.whl
Collecting hydra-core
  Using cached hydra_core-1.3.2-py3-none-any.whl.metadata (5.5 kB)
Collecting omegaconf
  Using cached omegaconf-2.3.0-py3-none-any.whl.metadata (3.9 kB)
Collecting openunmix
  Using cached openunmix-1.3.0-py3-none-any.whl.metadata (17 kB)
Collecting submitit
  Using cached submitit-1.5.4-py3-none-any.whl.metadata (7.4 kB)
Collecting treetable
  Using cached treetable-0.2.6-py3-none-any.whl.metadata (5.3 kB)
Collecting Cython (from diffq==0.2.3)
  Using cached cython-3.2.4-cp314-cp314-macosx_11_0_arm64.whl.metadata (7.5 kB)
Requirement already satisfied: numpy in ./venv/lib/python3.14/site-packages (from diffq==0.2.3) (2.3.5)
Requirement already satisfied: torch in ./venv/lib/python3.14/site-packages (from diffq==0.2.3) (2.10.0)
Collecting antlr4-python3-runtime==4.9.* (from hydra-core)
  Using cached antlr4_python3_runtime-4.9.3-py3-none-any.whl
Requirement already satisfied: packaging in ./venv/lib/python3.14/site-packages (from hydra-core) (26.0)
Requirement already satisfied: PyYAML>=5.1.0 in ./venv/lib/python3.14/site-packages (from omegaconf) (6.0.3)
Requirement already satisfied: torchaudio>=0.9.0 in ./venv/lib/python3.14/site-packages (from openunmix) (2.10.0)
Collecting tqdm (from openunmix)
  Using cached tqdm-4.67.3-py3-none-any.whl.metadata (57 kB)
Collecting cloudpickle>=1.2.1 (from submitit)
  Using cached cloudpickle-3.1.2-py3-none-any.whl.metadata (7.1 kB)
Requirement already satisfied: typing_extensions>=3.7.4.2 in ./venv/lib/python3.14/site-packages (from submitit) (4.15.0)
Requirement already satisfied: filelock in ./venv/lib/python3.14/site-packages (from torch->diffq==0.2.3) (3.20.3)
Requirement already satisfied: setuptools in ./venv/lib/python3.14/site-packages (from torch->diffq==0.2.3) (81.0.0)
Requirement already satisfied: sympy>=1.13.3 in ./venv/lib/python3.14/site-packages (from torch->diffq==0.2.3) (1.14.0)
Requirement already satisfied: networkx>=2.5.1 in ./venv/lib/python3.14/site-packages (from torch->diffq==0.2.3) (3.6.1)
Requirement already satisfied: jinja2 in ./venv/lib/python3.14/site-packages (from torch->diffq==0.2.3) (3.1.6)
Requirement already satisfied: fsspec>=0.8.5 in ./venv/lib/python3.14/site-packages (from torch->diffq==0.2.3) (2026.2.0)
Requirement already satisfied: mpmath<1.4,>=1.1.0 in ./venv/lib/python3.14/site-packages (from sympy>=1.13.3->torch->diffq==0.2.3) (1.3.0)
Requirement already satisfied: MarkupSafe>=2.0 in ./venv/lib/python3.14/site-packages (from jinja2->torch->diffq==0.2.3) (3.0.3)
Using cached einops-0.8.2-py3-none-any.whl (65 kB)
Using cached hydra_core-1.3.2-py3-none-any.whl (154 kB)
Using cached omegaconf-2.3.0-py3-none-any.whl (79 kB)
Using cached openunmix-1.3.0-py3-none-any.whl (40 kB)
Using cached submitit-1.5.4-py3-none-any.whl (76 kB)
Using cached treetable-0.2.6-py3-none-any.whl (7.4 kB)
Using cached cloudpickle-3.1.2-py3-none-any.whl (22 kB)
Using cached cython-3.2.4-cp314-cp314-macosx_11_0_arm64.whl (3.0 MB)
Using cached tqdm-4.67.3-py3-none-any.whl (78 kB)
Building wheels for collected packages: diffq
  Building wheel for diffq (pyproject.toml): started
  Building wheel for diffq (pyproject.toml): finished with status 'error'
  error: subprocess-exited-with-error
  
  × Building wheel for diffq (pyproject.toml) did not run successfully.
  │ exit code: 1
  ╰─> [29 lines of output]
      running bdist_wheel
      running build
      running build_py
      creating build/lib.macosx-26.0-arm64-cpython-314/diffq
      copying diffq/torch_pack.py -> build/lib.macosx-26.0-arm64-cpython-314/diffq
      copying diffq/__init__.py -> build/lib.macosx-26.0-arm64-cpython-314/diffq
      copying diffq/utils.py -> build/lib.macosx-26.0-arm64-cpython-314/diffq
      copying diffq/diffq.py -> build/lib.macosx-26.0-arm64-cpython-314/diffq
      copying diffq/lsq.py -> build/lib.macosx-26.0-arm64-cpython-314/diffq
      copying diffq/ts_export.py -> build/lib.macosx-26.0-arm64-cpython-314/diffq
      copying diffq/uniform.py -> build/lib.macosx-26.0-arm64-cpython-314/diffq
      copying diffq/base.py -> build/lib.macosx-26.0-arm64-cpython-314/diffq
      running egg_info
      writing diffq.egg-info/PKG-INFO
      writing dependency_links to diffq.egg-info/dependency_links.txt
      writing requirements to diffq.egg-info/requires.txt
      writing top-level names to diffq.egg-info/top_level.txt
      reading manifest file 'diffq.egg-info/SOURCES.txt'
      reading manifest template 'MANIFEST.in'
      warning: no previously-included files found matching 'examples/cifar/outputs/**'
      adding license file 'LICENSE'
      writing manifest file 'diffq.egg-info/SOURCES.txt'
      running build_ext
      building 'diffq.bitpack' extension
      creating build/temp.macosx-26.0-arm64-cpython-314
      clang -fno-strict-overflow -Wsign-compare -Wunreachable-code -fno-common -dynamic -DNDEBUG -g -O3 -Wall "-I/Users/williammacinnis/Documents/Local Project Files/unlayered/backend/venv/include" -I/opt/homebrew/opt/python@3.14/Frameworks/Python.framework/Versions/3.14/include/python3.14 -c bitpack.c -o build/temp.macosx-26.0-arm64-cpython-314/bitpack.o
      clang: error: no such file or directory: 'bitpack.c'
      clang: error: no input files
      error: command '/usr/bin/clang' failed with exit code 1
      [end of output]
  
  note: This error originates from a subprocess, and is likely not a problem with pip.
  ERROR: Failed building wheel for diffq
Failed to build diffq
error: failed-wheel-build-for-install

× Failed to build installable wheels for some pyproject.toml based projects
╰─> diffq
